<?xml version="1.0" encoding="UTF-8"?>
<!-- Generated by org.testng.reporters.JUnitReportReporter -->
<testsuite hostname="SPMUMLAP-065" failures="0" tests="11" name="FBMC_Business_Automation_Rules.FBMC_Business_Automation_Rules_AllScenarios" time="563.374" errors="0" timestamp="2024-02-29T17:31:30 IST" skipped="0">
  <testcase classname="FBMC_Business_Automation_Rules.FBMC_Business_Automation_Rules_AllScenarios" name="RUNALL" time="1.159"/>
  <system-out/>
  <testcase classname="FBMC_Business_Automation_Rules.FBMC_Business_Automation_Rules_AllScenarios" name="RUNALL" time="0.466"/>
  <system-out/>
  <testcase classname="FBMC_Business_Automation_Rules.FBMC_Business_Automation_Rules_AllScenarios" name="RUNALL" time="0.463"/>
  <system-out/>
  <testcase classname="FBMC_Business_Automation_Rules.FBMC_Business_Automation_Rules_AllScenarios" name="RUNALL" time="0.373"/>
  <system-out/>
  <testcase classname="FBMC_Business_Automation_Rules.FBMC_Business_Automation_Rules_AllScenarios" name="RUNALL" time="229.179"/>
  <system-out/>
  <testcase classname="FBMC_Business_Automation_Rules.FBMC_Business_Automation_Rules_AllScenarios" name="RUNALL" time="0.390"/>
  <system-out/>
  <testcase classname="FBMC_Business_Automation_Rules.FBMC_Business_Automation_Rules_AllScenarios" name="RUNALL" time="329.955"/>
  <system-out/>
  <testcase classname="FBMC_Business_Automation_Rules.FBMC_Business_Automation_Rules_AllScenarios" name="RUNALL" time="0.333"/>
  <system-out/>
  <testcase classname="FBMC_Business_Automation_Rules.FBMC_Business_Automation_Rules_AllScenarios" name="RUNALL" time="0.358"/>
  <system-out/>
  <testcase classname="FBMC_Business_Automation_Rules.FBMC_Business_Automation_Rules_AllScenarios" name="RUNALL" time="0.347"/>
  <system-out/>
  <testcase classname="FBMC_Business_Automation_Rules.FBMC_Business_Automation_Rules_AllScenarios" name="RUNALL" time="0.351"/>
  <system-out/>
</testsuite> <!-- FBMC_Business_Automation_Rules.FBMC_Business_Automation_Rules_AllScenarios -->
