<?xml version="1.0" encoding="UTF-8"?>
<!-- Generated by org.testng.reporters.JUnitReportReporter -->
<<<<<<< HEAD
<testsuite hostname="SPMUMLAP-065" failures="0" tests="17" name="FBMC_Content_Management.FBMC_Content_Management_AllScenarios" time="3062.880" errors="3" timestamp="2024-02-28T00:12:22 IST" skipped="0">
  <testcase classname="FBMC_Content_Management.FBMC_Content_Management_AllScenarios" name="RUNALL" time="0.000"/>
  <system-out/>
  <testcase classname="FBMC_Content_Management.FBMC_Content_Management_AllScenarios" name="RUNALL" time="0.000"/>
  <system-out/>
  <testcase classname="FBMC_Content_Management.FBMC_Content_Management_AllScenarios" name="RUNALL" time="0.002">
    <error message="Cannot invoke &quot;org.openqa.selenium.remote.RemoteWebDriver.quit()&quot; because &quot;FBMC_Content_Management.FBMC_Content_Management_AllScenarios.driver&quot; is null" type="java.lang.NullPointerException">
      <![CDATA[java.lang.NullPointerException: Cannot invoke "org.openqa.selenium.remote.RemoteWebDriver.quit()" because "FBMC_Content_Management.FBMC_Content_Management_AllScenarios.driver" is null
at FBMC_Content_Management.FBMC_Content_Management_AllScenarios.RUNALL(FBMC_Content_Management_AllScenarios.java:295)
at java.base/jdk.internal.reflect.NativeMethodAccessorImpl.invoke0(Native Method)
at java.base/jdk.internal.reflect.NativeMethodAccessorImpl.invoke(NativeMethodAccessorImpl.java:77)
at java.base/jdk.internal.reflect.DelegatingMethodAccessorImpl.invoke(DelegatingMethodAccessorImpl.java:43)
at java.base/java.lang.reflect.Method.invoke(Method.java:568)
at org.testng.internal.MethodInvocationHelper.invokeMethod(MethodInvocationHelper.java:133)
at org.testng.internal.TestInvoker.invokeMethod(TestInvoker.java:598)
at org.testng.internal.TestInvoker.invokeTestMethod(TestInvoker.java:173)
at org.testng.internal.MethodRunner.runInSequence(MethodRunner.java:46)
at org.testng.internal.TestInvoker$MethodInvocationAgent.invoke(TestInvoker.java:824)
at org.testng.internal.TestInvoker.invokeTestMethods(TestInvoker.java:146)
at org.testng.internal.TestMethodWorker.invokeTestMethods(TestMethodWorker.java:146)
at org.testng.internal.TestMethodWorker.run(TestMethodWorker.java:128)
at java.base/java.util.ArrayList.forEach(ArrayList.java:1511)
at org.testng.TestRunner.privateRun(TestRunner.java:794)
at org.testng.TestRunner.run(TestRunner.java:596)
at org.testng.SuiteRunner.runTest(SuiteRunner.java:377)
at org.testng.SuiteRunner.runSequentially(SuiteRunner.java:371)
at org.testng.SuiteRunner.privateRun(SuiteRunner.java:332)
at org.testng.SuiteRunner.run(SuiteRunner.java:276)
at org.testng.SuiteRunnerWorker.runSuite(SuiteRunnerWorker.java:53)
at org.testng.SuiteRunnerWorker.run(SuiteRunnerWorker.java:96)
at org.testng.TestNG.runSuitesSequentially(TestNG.java:1212)
at org.testng.TestNG.runSuitesLocally(TestNG.java:1134)
at org.testng.TestNG.runSuites(TestNG.java:1063)
at org.testng.TestNG.run(TestNG.java:1031)
at org.testng.remote.AbstractRemoteTestNG.run(AbstractRemoteTestNG.java:115)
at org.testng.remote.RemoteTestNG.initAndRun(RemoteTestNG.java:251)
at org.testng.remote.RemoteTestNG.main(RemoteTestNG.java:77)
]]>
    </error>
  </testcase> <!-- RUNALL -->
  <system-out/>
  <testcase classname="FBMC_Content_Management.FBMC_Content_Management_AllScenarios" name="RUNALL" time="815.483"/>
  <system-out/>
  <testcase classname="FBMC_Content_Management.FBMC_Content_Management_AllScenarios" name="RUNALL" time="2247.383"/>
  <system-out/>
  <testcase classname="FBMC_Content_Management.FBMC_Content_Management_AllScenarios" name="RUNALL" time="0.000"/>
  <system-out/>
  <testcase classname="FBMC_Content_Management.FBMC_Content_Management_AllScenarios" name="RUNALL" time="0.000"/>
  <system-out/>
  <testcase classname="FBMC_Content_Management.FBMC_Content_Management_AllScenarios" name="RUNALL" time="0.001"/>
  <system-out/>
  <testcase classname="FBMC_Content_Management.FBMC_Content_Management_AllScenarios" name="RUNALL" time="0.000"/>
  <system-out/>
  <testcase classname="FBMC_Content_Management.FBMC_Content_Management_AllScenarios" name="RUNALL" time="0.001"/>
  <system-out/>
  <testcase classname="FBMC_Content_Management.FBMC_Content_Management_AllScenarios" name="RUNALL" time="0.001"/>
  <system-out/>
  <testcase classname="FBMC_Content_Management.FBMC_Content_Management_AllScenarios" name="RUNALL" time="0.000"/>
  <system-out/>
  <testcase classname="FBMC_Content_Management.FBMC_Content_Management_AllScenarios" name="RUNALL" time="0.000"/>
  <system-out/>
  <testcase classname="FBMC_Content_Management.FBMC_Content_Management_AllScenarios" name="RUNALL" time="0.000"/>
  <system-out/>
  <testcase classname="FBMC_Content_Management.FBMC_Content_Management_AllScenarios" name="RUNALL" time="0.001"/>
  <system-out/>
  <testcase classname="FBMC_Content_Management.FBMC_Content_Management_AllScenarios" name="RUNALL" time="0.006">
    <error message="Cannot invoke &quot;org.openqa.selenium.remote.RemoteWebDriver.quit()&quot; because &quot;FBMC_Content_Management.FBMC_Content_Management_AllScenarios.driver&quot; is null" type="java.lang.NullPointerException">
      <![CDATA[java.lang.NullPointerException: Cannot invoke "org.openqa.selenium.remote.RemoteWebDriver.quit()" because "FBMC_Content_Management.FBMC_Content_Management_AllScenarios.driver" is null
at FBMC_Content_Management.FBMC_Content_Management_AllScenarios.RUNALL(FBMC_Content_Management_AllScenarios.java:295)
at java.base/jdk.internal.reflect.NativeMethodAccessorImpl.invoke0(Native Method)
at java.base/jdk.internal.reflect.NativeMethodAccessorImpl.invoke(NativeMethodAccessorImpl.java:77)
at java.base/jdk.internal.reflect.DelegatingMethodAccessorImpl.invoke(DelegatingMethodAccessorImpl.java:43)
at java.base/java.lang.reflect.Method.invoke(Method.java:568)
at org.testng.internal.MethodInvocationHelper.invokeMethod(MethodInvocationHelper.java:133)
at org.testng.internal.TestInvoker.invokeMethod(TestInvoker.java:598)
at org.testng.internal.TestInvoker.invokeTestMethod(TestInvoker.java:173)
at org.testng.internal.MethodRunner.runInSequence(MethodRunner.java:46)
at org.testng.internal.TestInvoker$MethodInvocationAgent.invoke(TestInvoker.java:824)
at org.testng.internal.TestInvoker.invokeTestMethods(TestInvoker.java:146)
at org.testng.internal.TestMethodWorker.invokeTestMethods(TestMethodWorker.java:146)
at org.testng.internal.TestMethodWorker.run(TestMethodWorker.java:128)
at java.base/java.util.ArrayList.forEach(ArrayList.java:1511)
at org.testng.TestRunner.privateRun(TestRunner.java:794)
at org.testng.TestRunner.run(TestRunner.java:596)
at org.testng.SuiteRunner.runTest(SuiteRunner.java:377)
at org.testng.SuiteRunner.runSequentially(SuiteRunner.java:371)
at org.testng.SuiteRunner.privateRun(SuiteRunner.java:332)
at org.testng.SuiteRunner.run(SuiteRunner.java:276)
at org.testng.SuiteRunnerWorker.runSuite(SuiteRunnerWorker.java:53)
at org.testng.SuiteRunnerWorker.run(SuiteRunnerWorker.java:96)
at org.testng.TestNG.runSuitesSequentially(TestNG.java:1212)
at org.testng.TestNG.runSuitesLocally(TestNG.java:1134)
at org.testng.TestNG.runSuites(TestNG.java:1063)
at org.testng.TestNG.run(TestNG.java:1031)
at org.testng.remote.AbstractRemoteTestNG.run(AbstractRemoteTestNG.java:115)
at org.testng.remote.RemoteTestNG.initAndRun(RemoteTestNG.java:251)
at org.testng.remote.RemoteTestNG.main(RemoteTestNG.java:77)
]]>
    </error>
  </testcase> <!-- RUNALL -->
  <system-out/>
  <testcase classname="FBMC_Content_Management.FBMC_Content_Management_AllScenarios" name="RUNALL" time="0.002">
    <error message="Cannot invoke &quot;org.openqa.selenium.remote.RemoteWebDriver.quit()&quot; because &quot;FBMC_Content_Management.FBMC_Content_Management_AllScenarios.driver&quot; is null" type="java.lang.NullPointerException">
      <![CDATA[java.lang.NullPointerException: Cannot invoke "org.openqa.selenium.remote.RemoteWebDriver.quit()" because "FBMC_Content_Management.FBMC_Content_Management_AllScenarios.driver" is null
at FBMC_Content_Management.FBMC_Content_Management_AllScenarios.RUNALL(FBMC_Content_Management_AllScenarios.java:295)
=======
<<<<<<< HEAD
<testsuite hostname="SPMUMLAP-065" failures="0" tests="18" name="FBMC_Content_Management.FBMC_Content_Management_AllScenarios" time="0.172" errors="1" timestamp="2024-01-03T21:28:11 IST" skipped="0">
  <testcase classname="FBMC_Content_Management.FBMC_Content_Management_AllScenarios" name="RUNALL" time="0.001"/>
  <system-out/>
  <testcase classname="FBMC_Content_Management.FBMC_Content_Management_AllScenarios" name="RUNALL" time="0.002"/>
  <system-out/>
  <testcase classname="FBMC_Content_Management.FBMC_Content_Management_AllScenarios" name="RUNALL" time="0.003"/>
  <system-out/>
  <testcase classname="FBMC_Content_Management.FBMC_Content_Management_AllScenarios" name="RUNALL" time="0.002"/>
  <system-out/>
  <testcase classname="FBMC_Content_Management.FBMC_Content_Management_AllScenarios" name="RUNALL" time="0.000"/>
  <system-out/>
  <testcase classname="FBMC_Content_Management.FBMC_Content_Management_AllScenarios" name="RUNALL" time="0.004"/>
  <system-out/>
  <testcase classname="FBMC_Content_Management.FBMC_Content_Management_AllScenarios" name="RUNALL" time="0.004"/>
  <system-out/>
  <testcase classname="FBMC_Content_Management.FBMC_Content_Management_AllScenarios" name="RUNALL" time="0.004"/>
  <system-out/>
  <testcase classname="FBMC_Content_Management.FBMC_Content_Management_AllScenarios" name="RUNALL" time="0.002"/>
=======
<testsuite hostname="SPMUMLAP-065" failures="0" tests="12" name="FBMC_Content_Management.FBMC_Content_Management_AllScenarios" time="0.135" errors="1" timestamp="2023-12-13T13:29:21 IST" skipped="0">
  <testcase classname="FBMC_Content_Management.FBMC_Content_Management_AllScenarios" name="RUNALL" time="0.002"/>
  <system-out/>
  <testcase classname="FBMC_Content_Management.FBMC_Content_Management_AllScenarios" name="RUNALL" time="0.001"/>
>>>>>>> be67d26583d84bb1bdc6e26568211e76b90091b0
  <system-out/>
  <testcase classname="FBMC_Content_Management.FBMC_Content_Management_AllScenarios" name="RUNALL" time="0.002"/>
  <system-out/>
  <testcase classname="FBMC_Content_Management.FBMC_Content_Management_AllScenarios" name="RUNALL" time="0.001"/>
  <system-out/>
<<<<<<< HEAD
  <testcase classname="FBMC_Content_Management.FBMC_Content_Management_AllScenarios" name="RUNALL" time="0.003"/>
  <system-out/>
  <testcase classname="FBMC_Content_Management.FBMC_Content_Management_AllScenarios" name="RUNALL" time="0.001"/>
  <system-out/>
  <testcase classname="FBMC_Content_Management.FBMC_Content_Management_AllScenarios" name="RUNALL" time="0.007"/>
  <system-out/>
  <testcase classname="FBMC_Content_Management.FBMC_Content_Management_AllScenarios" name="RUNALL" time="0.004"/>
  <system-out/>
  <testcase classname="FBMC_Content_Management.FBMC_Content_Management_AllScenarios" name="CloseAllBrowser" time="0.125">
=======
  <testcase classname="FBMC_Content_Management.FBMC_Content_Management_AllScenarios" name="RUNALL" time="0.001"/>
  <system-out/>
  <testcase classname="FBMC_Content_Management.FBMC_Content_Management_AllScenarios" name="RUNALL" time="0.001"/>
  <system-out/>
  <testcase classname="FBMC_Content_Management.FBMC_Content_Management_AllScenarios" name="RUNALL" time="0.006"/>
  <system-out/>
  <testcase classname="FBMC_Content_Management.FBMC_Content_Management_AllScenarios" name="CloseAllBrowser" time="0.115">
>>>>>>> be67d26583d84bb1bdc6e26568211e76b90091b0
    <error message="Cannot invoke &quot;com.aventstack.extentreports.ExtentTest.log(com.aventstack.extentreports.Status, String)&quot; because the return value of &quot;com.extentReports.ExtentTestManager.getTest()&quot; is null" type="java.lang.NullPointerException">
      <![CDATA[java.lang.NullPointerException: Cannot invoke "com.aventstack.extentreports.ExtentTest.log(com.aventstack.extentreports.Status, String)" because the return value of "com.extentReports.ExtentTestManager.getTest()" is null
at FBMC_Content_Management.FBMC_Content_Management_AllScenarios.CloseAllBrowser(FBMC_Content_Management_AllScenarios.java:77)
>>>>>>> c83ca49cf0235be342d6404c09af4201d04047a0
at java.base/jdk.internal.reflect.NativeMethodAccessorImpl.invoke0(Native Method)
at java.base/jdk.internal.reflect.NativeMethodAccessorImpl.invoke(NativeMethodAccessorImpl.java:77)
at java.base/jdk.internal.reflect.DelegatingMethodAccessorImpl.invoke(DelegatingMethodAccessorImpl.java:43)
at java.base/java.lang.reflect.Method.invoke(Method.java:568)
at org.testng.internal.MethodInvocationHelper.invokeMethod(MethodInvocationHelper.java:133)
<<<<<<< HEAD
at org.testng.internal.TestInvoker.invokeMethod(TestInvoker.java:598)
at org.testng.internal.TestInvoker.invokeTestMethod(TestInvoker.java:173)
at org.testng.internal.MethodRunner.runInSequence(MethodRunner.java:46)
at org.testng.internal.TestInvoker$MethodInvocationAgent.invoke(TestInvoker.java:824)
at org.testng.internal.TestInvoker.invokeTestMethods(TestInvoker.java:146)
at org.testng.internal.TestMethodWorker.invokeTestMethods(TestMethodWorker.java:146)
at org.testng.internal.TestMethodWorker.run(TestMethodWorker.java:128)
at java.base/java.util.ArrayList.forEach(ArrayList.java:1511)
at org.testng.TestRunner.privateRun(TestRunner.java:794)
at org.testng.TestRunner.run(TestRunner.java:596)
at org.testng.SuiteRunner.runTest(SuiteRunner.java:377)
at org.testng.SuiteRunner.runSequentially(SuiteRunner.java:371)
at org.testng.SuiteRunner.privateRun(SuiteRunner.java:332)
=======
at org.testng.internal.MethodInvocationHelper.invokeMethodConsideringTimeout(MethodInvocationHelper.java:62)
at org.testng.internal.ConfigInvoker.invokeConfigurationMethod(ConfigInvoker.java:385)
at org.testng.internal.ConfigInvoker.invokeConfigurations(ConfigInvoker.java:321)
at org.testng.SuiteRunner.privateRun(SuiteRunner.java:344)
>>>>>>> c83ca49cf0235be342d6404c09af4201d04047a0
at org.testng.SuiteRunner.run(SuiteRunner.java:276)
at org.testng.SuiteRunnerWorker.runSuite(SuiteRunnerWorker.java:53)
at org.testng.SuiteRunnerWorker.run(SuiteRunnerWorker.java:96)
at org.testng.TestNG.runSuitesSequentially(TestNG.java:1212)
at org.testng.TestNG.runSuitesLocally(TestNG.java:1134)
at org.testng.TestNG.runSuites(TestNG.java:1063)
at org.testng.TestNG.run(TestNG.java:1031)
at org.testng.remote.AbstractRemoteTestNG.run(AbstractRemoteTestNG.java:115)
at org.testng.remote.RemoteTestNG.initAndRun(RemoteTestNG.java:251)
at org.testng.remote.RemoteTestNG.main(RemoteTestNG.java:77)
]]>
    </error>
<<<<<<< HEAD
  </testcase> <!-- RUNALL -->
=======
  </testcase> <!-- CloseAllBrowser -->
  <system-out/>
  <testcase classname="FBMC_Content_Management.FBMC_Content_Management_AllScenarios" name="RUNALL" time="0.001"/>
  <system-out/>
<<<<<<< HEAD
  <testcase classname="FBMC_Content_Management.FBMC_Content_Management_AllScenarios" name="RUNALL" time="0.006"/>
=======
  <testcase classname="FBMC_Content_Management.FBMC_Content_Management_AllScenarios" name="RUNALL" time="0.002"/>
  <system-out/>
  <testcase classname="FBMC_Content_Management.FBMC_Content_Management_AllScenarios" name="RUNALL" time="0.001"/>
  <system-out/>
  <testcase classname="FBMC_Content_Management.FBMC_Content_Management_AllScenarios" name="RUNALL" time="0.002"/>
>>>>>>> be67d26583d84bb1bdc6e26568211e76b90091b0
>>>>>>> c83ca49cf0235be342d6404c09af4201d04047a0
  <system-out/>
</testsuite> <!-- FBMC_Content_Management.FBMC_Content_Management_AllScenarios -->
