<?xml version="1.0" encoding="UTF-8"?>
<!-- Generated by org.testng.reporters.JUnitReportReporter -->
<<<<<<< HEAD
<testsuite hostname="SPMUMLAP-065" failures="0" tests="14" name="IHA_Content_Management.IHA_ContentManagement_AccountAdminLanding_Pages_Flow" time="360.698" errors="0" timestamp="2024-02-28T12:35:15 IST" skipped="0">
  <testcase classname="IHA_Content_Management.IHA_ContentManagement_AccountAdminLanding_Pages_Flow" name="RUNALL" time="0.001"/>
  <system-out/>
  <testcase classname="IHA_Content_Management.IHA_ContentManagement_AccountAdminLanding_Pages_Flow" name="RUNALL" time="0.004"/>
  <system-out/>
  <testcase classname="IHA_Content_Management.IHA_ContentManagement_AccountAdminLanding_Pages_Flow" name="RUNALL" time="0.001"/>
  <system-out/>
  <testcase classname="IHA_Content_Management.IHA_ContentManagement_AccountAdminLanding_Pages_Flow" name="RUNALL" time="0.000"/>
  <system-out/>
  <testcase classname="IHA_Content_Management.IHA_ContentManagement_AccountAdminLanding_Pages_Flow" name="RUNALL" time="0.001"/>
  <system-out/>
  <testcase classname="IHA_Content_Management.IHA_ContentManagement_AccountAdminLanding_Pages_Flow" name="RUNALL" time="360.680"/>
  <system-out/>
  <testcase classname="IHA_Content_Management.IHA_ContentManagement_AccountAdminLanding_Pages_Flow" name="RUNALL" time="0.001"/>
  <system-out/>
  <testcase classname="IHA_Content_Management.IHA_ContentManagement_AccountAdminLanding_Pages_Flow" name="RUNALL" time="0.004"/>
  <system-out/>
  <testcase classname="IHA_Content_Management.IHA_ContentManagement_AccountAdminLanding_Pages_Flow" name="RUNALL" time="0.000"/>
  <system-out/>
  <testcase classname="IHA_Content_Management.IHA_ContentManagement_AccountAdminLanding_Pages_Flow" name="RUNALL" time="0.001"/>
  <system-out/>
  <testcase classname="IHA_Content_Management.IHA_ContentManagement_AccountAdminLanding_Pages_Flow" name="RUNALL" time="0.002"/>
  <system-out/>
  <testcase classname="IHA_Content_Management.IHA_ContentManagement_AccountAdminLanding_Pages_Flow" name="RUNALL" time="0.001"/>
  <system-out/>
  <testcase classname="IHA_Content_Management.IHA_ContentManagement_AccountAdminLanding_Pages_Flow" name="RUNALL" time="0.001"/>
  <system-out/>
  <testcase classname="IHA_Content_Management.IHA_ContentManagement_AccountAdminLanding_Pages_Flow" name="RUNALL" time="0.001"/>
=======
<testsuite hostname="SPMUMLAP-065" failures="0" tests="12" name="IHA_Content_Management.IHA_ContentManagement_AccountAdminLanding_Pages_Flow" time="374.860" errors="0" timestamp="2023-12-19T12:25:42 IST" skipped="0">
  <testcase classname="IHA_Content_Management.IHA_ContentManagement_AccountAdminLanding_Pages_Flow" name="RUNALL" time="0.155"/>
  <system-out/>
  <testcase classname="IHA_Content_Management.IHA_ContentManagement_AccountAdminLanding_Pages_Flow" name="RUNALL" time="0.154"/>
  <system-out/>
  <testcase classname="IHA_Content_Management.IHA_ContentManagement_AccountAdminLanding_Pages_Flow" name="RUNALL" time="0.151"/>
  <system-out/>
  <testcase classname="IHA_Content_Management.IHA_ContentManagement_AccountAdminLanding_Pages_Flow" name="RUNALL" time="0.157"/>
  <system-out/>
  <testcase classname="IHA_Content_Management.IHA_ContentManagement_AccountAdminLanding_Pages_Flow" name="RUNALL" time="0.156"/>
  <system-out/>
  <testcase classname="IHA_Content_Management.IHA_ContentManagement_AccountAdminLanding_Pages_Flow" name="RUNALL" time="0.161"/>
  <system-out/>
  <testcase classname="IHA_Content_Management.IHA_ContentManagement_AccountAdminLanding_Pages_Flow" name="RUNALL" time="0.151"/>
  <system-out/>
  <testcase classname="IHA_Content_Management.IHA_ContentManagement_AccountAdminLanding_Pages_Flow" name="RUNALL" time="0.001"/>
  <system-out/>
  <testcase classname="IHA_Content_Management.IHA_ContentManagement_AccountAdminLanding_Pages_Flow" name="RUNALL" time="0.155"/>
  <system-out/>
  <testcase classname="IHA_Content_Management.IHA_ContentManagement_AccountAdminLanding_Pages_Flow" name="RUNALL" time="0.004"/>
  <system-out/>
  <testcase classname="IHA_Content_Management.IHA_ContentManagement_AccountAdminLanding_Pages_Flow" name="RUNALL" time="373.463"/>
  <system-out/>
  <testcase classname="IHA_Content_Management.IHA_ContentManagement_AccountAdminLanding_Pages_Flow" name="RUNALL" time="0.152"/>
>>>>>>> c83ca49cf0235be342d6404c09af4201d04047a0
  <system-out/>
</testsuite> <!-- IHA_Content_Management.IHA_ContentManagement_AccountAdminLanding_Pages_Flow -->
