<?xml version="1.0" encoding="UTF-8"?>
<!-- Generated by org.testng.reporters.JUnitReportReporter -->
<testsuite hostname="SPMUMLAP-065" failures="0" tests="70" name="Speridian_Admin_BA_TCs.Speridian_CombinedFlow" time="2320.929" errors="0" timestamp="2024-02-27T12:47:31 IST" skipped="0">
  <testcase classname="Speridian_Admin_BA_TCs.Speridian_CombinedFlow" name="RUNALL" time="0.001"/>
  <system-out/>
  <testcase classname="Speridian_Admin_BA_TCs.Speridian_CombinedFlow" name="RUNALL" time="0.190"/>
  <system-out/>
  <testcase classname="Speridian_Admin_BA_TCs.Speridian_CombinedFlow" name="RUNALL" time="0.187"/>
  <system-out/>
  <testcase classname="Speridian_Admin_BA_TCs.Speridian_CombinedFlow" name="RUNALL" time="0.001"/>
  <system-out/>
  <testcase classname="Speridian_Admin_BA_TCs.Speridian_CombinedFlow" name="RUNALL" time="0.186"/>
  <system-out/>
  <testcase classname="Speridian_Admin_BA_TCs.Speridian_CombinedFlow" name="RUNALL" time="0.172"/>
  <system-out/>
  <testcase classname="Speridian_Admin_BA_TCs.Speridian_CombinedFlow" name="RUNALL" time="0.175"/>
  <system-out/>
  <testcase classname="Speridian_Admin_BA_TCs.Speridian_CombinedFlow" name="RUNALL" time="0.178"/>
  <system-out/>
  <testcase classname="Speridian_Admin_BA_TCs.Speridian_CombinedFlow" name="RUNALL" time="383.052"/>
  <system-out/>
  <testcase classname="Speridian_Admin_BA_TCs.Speridian_CombinedFlow" name="RUNALL" time="0.179"/>
  <system-out/>
  <testcase classname="Speridian_Admin_BA_TCs.Speridian_CombinedFlow" name="RUNALL" time="0.174"/>
  <system-out/>
  <testcase classname="Speridian_Admin_BA_TCs.Speridian_CombinedFlow" name="RUNALL" time="0.173"/>
  <system-out/>
  <testcase classname="Speridian_Admin_BA_TCs.Speridian_CombinedFlow" name="RUNALL" time="0.178"/>
  <system-out/>
  <testcase classname="Speridian_Admin_BA_TCs.Speridian_CombinedFlow" name="RUNALL" time="0.176"/>
  <system-out/>
  <testcase classname="Speridian_Admin_BA_TCs.Speridian_CombinedFlow" name="RUNALL" time="0.169"/>
  <system-out/>
  <testcase classname="Speridian_Admin_BA_TCs.Speridian_CombinedFlow" name="RUNALL" time="0.177"/>
  <system-out/>
  <testcase classname="Speridian_Admin_BA_TCs.Speridian_CombinedFlow" name="RUNALL" time="0.178"/>
  <system-out/>
  <testcase classname="Speridian_Admin_BA_TCs.Speridian_CombinedFlow" name="RUNALL" time="0.193"/>
  <system-out/>
  <testcase classname="Speridian_Admin_BA_TCs.Speridian_CombinedFlow" name="RUNALL" time="0.175"/>
  <system-out/>
  <testcase classname="Speridian_Admin_BA_TCs.Speridian_CombinedFlow" name="RUNALL" time="0.166"/>
  <system-out/>
  <testcase classname="Speridian_Admin_BA_TCs.Speridian_CombinedFlow" name="RUNALL" time="0.003"/>
  <system-out/>
  <testcase classname="Speridian_Admin_BA_TCs.Speridian_CombinedFlow" name="RUNALL" time="0.177"/>
  <system-out/>
  <testcase classname="Speridian_Admin_BA_TCs.Speridian_CombinedFlow" name="RUNALL" time="0.002"/>
  <system-out/>
  <testcase classname="Speridian_Admin_BA_TCs.Speridian_CombinedFlow" name="RUNALL" time="0.176"/>
  <system-out/>
  <testcase classname="Speridian_Admin_BA_TCs.Speridian_CombinedFlow" name="RUNALL" time="0.185"/>
  <system-out/>
  <testcase classname="Speridian_Admin_BA_TCs.Speridian_CombinedFlow" name="RUNALL" time="0.187"/>
  <system-out/>
  <testcase classname="Speridian_Admin_BA_TCs.Speridian_CombinedFlow" name="RUNALL" time="0.190"/>
  <system-out/>
  <testcase classname="Speridian_Admin_BA_TCs.Speridian_CombinedFlow" name="RUNALL" time="0.176"/>
  <system-out/>
  <testcase classname="Speridian_Admin_BA_TCs.Speridian_CombinedFlow" name="RUNALL" time="0.178"/>
  <system-out/>
  <testcase classname="Speridian_Admin_BA_TCs.Speridian_CombinedFlow" name="RUNALL" time="1667.659"/>
  <system-out/>
  <testcase classname="Speridian_Admin_BA_TCs.Speridian_CombinedFlow" name="RUNALL" time="0.174"/>
  <system-out/>
  <testcase classname="Speridian_Admin_BA_TCs.Speridian_CombinedFlow" name="RUNALL" time="0.176"/>
  <system-out/>
  <testcase classname="Speridian_Admin_BA_TCs.Speridian_CombinedFlow" name="RUNALL" time="0.173"/>
  <system-out/>
  <testcase classname="Speridian_Admin_BA_TCs.Speridian_CombinedFlow" name="RUNALL" time="0.175"/>
  <system-out/>
  <testcase classname="Speridian_Admin_BA_TCs.Speridian_CombinedFlow" name="RUNALL" time="0.182"/>
  <system-out/>
  <testcase classname="Speridian_Admin_BA_TCs.Speridian_CombinedFlow" name="RUNALL" time="0.182"/>
  <system-out/>
  <testcase classname="Speridian_Admin_BA_TCs.Speridian_CombinedFlow" name="RUNALL" time="0.180"/>
  <system-out/>
  <testcase classname="Speridian_Admin_BA_TCs.Speridian_CombinedFlow" name="RUNALL" time="0.173"/>
  <system-out/>
  <testcase classname="Speridian_Admin_BA_TCs.Speridian_CombinedFlow" name="RUNALL" time="0.176"/>
  <system-out/>
  <testcase classname="Speridian_Admin_BA_TCs.Speridian_CombinedFlow" name="RUNALL" time="0.168"/>
  <system-out/>
  <testcase classname="Speridian_Admin_BA_TCs.Speridian_CombinedFlow" name="RUNALL" time="0.184"/>
  <system-out/>
  <testcase classname="Speridian_Admin_BA_TCs.Speridian_CombinedFlow" name="RUNALL" time="259.985"/>
  <system-out/>
  <testcase classname="Speridian_Admin_BA_TCs.Speridian_CombinedFlow" name="RUNALL" time="0.186"/>
  <system-out/>
  <testcase classname="Speridian_Admin_BA_TCs.Speridian_CombinedFlow" name="RUNALL" time="0.174"/>
  <system-out/>
  <testcase classname="Speridian_Admin_BA_TCs.Speridian_CombinedFlow" name="RUNALL" time="0.002"/>
  <system-out/>
  <testcase classname="Speridian_Admin_BA_TCs.Speridian_CombinedFlow" name="RUNALL" time="0.181"/>
  <system-out/>
  <testcase classname="Speridian_Admin_BA_TCs.Speridian_CombinedFlow" name="RUNALL" time="0.001"/>
  <system-out/>
  <testcase classname="Speridian_Admin_BA_TCs.Speridian_CombinedFlow" name="RUNALL" time="0.177"/>
  <system-out/>
  <testcase classname="Speridian_Admin_BA_TCs.Speridian_CombinedFlow" name="RUNALL" time="0.179"/>
  <system-out/>
  <testcase classname="Speridian_Admin_BA_TCs.Speridian_CombinedFlow" name="RUNALL" time="0.194"/>
  <system-out/>
  <testcase classname="Speridian_Admin_BA_TCs.Speridian_CombinedFlow" name="RUNALL" time="0.178"/>
  <system-out/>
  <testcase classname="Speridian_Admin_BA_TCs.Speridian_CombinedFlow" name="RUNALL" time="0.172"/>
  <system-out/>
  <testcase classname="Speridian_Admin_BA_TCs.Speridian_CombinedFlow" name="RUNALL" time="0.183"/>
  <system-out/>
  <testcase classname="Speridian_Admin_BA_TCs.Speridian_CombinedFlow" name="RUNALL" time="0.181"/>
  <system-out/>
  <testcase classname="Speridian_Admin_BA_TCs.Speridian_CombinedFlow" name="RUNALL" time="0.178"/>
  <system-out/>
  <testcase classname="Speridian_Admin_BA_TCs.Speridian_CombinedFlow" name="RUNALL" time="0.004"/>
  <system-out/>
  <testcase classname="Speridian_Admin_BA_TCs.Speridian_CombinedFlow" name="RUNALL" time="0.187"/>
  <system-out/>
  <testcase classname="Speridian_Admin_BA_TCs.Speridian_CombinedFlow" name="RUNALL" time="0.001"/>
  <system-out/>
  <testcase classname="Speridian_Admin_BA_TCs.Speridian_CombinedFlow" name="RUNALL" time="0.001"/>
  <system-out/>
  <testcase classname="Speridian_Admin_BA_TCs.Speridian_CombinedFlow" name="RUNALL" time="0.177"/>
  <system-out/>
  <testcase classname="Speridian_Admin_BA_TCs.Speridian_CombinedFlow" name="RUNALL" time="0.001"/>
  <system-out/>
  <testcase classname="Speridian_Admin_BA_TCs.Speridian_CombinedFlow" name="RUNALL" time="0.182"/>
  <system-out/>
  <testcase classname="Speridian_Admin_BA_TCs.Speridian_CombinedFlow" name="RUNALL" time="0.185"/>
  <system-out/>
  <testcase classname="Speridian_Admin_BA_TCs.Speridian_CombinedFlow" name="RUNALL" time="0.173"/>
  <system-out/>
  <testcase classname="Speridian_Admin_BA_TCs.Speridian_CombinedFlow" name="RUNALL" time="0.194"/>
  <system-out/>
  <testcase classname="Speridian_Admin_BA_TCs.Speridian_CombinedFlow" name="RUNALL" time="0.172"/>
  <system-out/>
  <testcase classname="Speridian_Admin_BA_TCs.Speridian_CombinedFlow" name="RUNALL" time="0.185"/>
  <system-out/>
  <testcase classname="Speridian_Admin_BA_TCs.Speridian_CombinedFlow" name="RUNALL" time="0.175"/>
  <system-out/>
  <testcase classname="Speridian_Admin_BA_TCs.Speridian_CombinedFlow" name="RUNALL" time="0.180"/>
  <system-out/>
  <testcase classname="Speridian_Admin_BA_TCs.Speridian_CombinedFlow" name="RUNALL" time="0.185"/>
  <system-out/>
</testsuite> <!-- Speridian_Admin_BA_TCs.Speridian_CombinedFlow -->
