<?xml version="1.0" encoding="UTF-8"?>
<!-- Generated by org.testng.reporters.JUnitReportReporter -->
<testsuite hostname="SPMUMLAP-065" failures="0" tests="1" name="IHA_RC_Admin_BA_TCs.IHA_RC_Admin_BA_AllScenarios" time="578.541" errors="0" timestamp="2024-02-26T13:35:28 IST" skipped="0">
  <testcase classname="IHA_RC_Admin_BA_TCs.IHA_RC_Admin_BA_AllScenarios" name="RUNALL" time="578.541"/>
  <system-out/>
</testsuite> <!-- IHA_RC_Admin_BA_TCs.IHA_RC_Admin_BA_AllScenarios -->
